<?xml version="1.0" encoding="UTF-8"?>
<!-- Generated by org.testng.reporters.JUnitXMLReporter -->
<testsuite ignored="0" hostname="LAPTOP-VGBFU46S" failures="11" tests="28" name="TutorialsNinja Testcases" time="126.403" errors="0" timestamp="2023-04-27T01:16:06 PDT">
  <testcase classname="com.tn.qa.testcases.SearchTest" name="verifyEmptySearchProduct" time="0.347"/>
  <testcase classname="com.tn.qa.testcases.SearchTest" name="verifyInvalidSearchProduct" time="0.366"/>
  <testcase classname="com.tn.qa.testcases.SearchTest" name="verifySearchProductWithSpacesInTheMiddle" time="0.485"/>
  <testcase classname="com.tn.qa.testcases.SearchTest" name="verifyMisspelledSearchProduct" time="10.37"/>
  <testcase classname="com.tn.qa.testcases.SearchTest" name="verifyAllUpperCaseSearchProduct" time="0.526"/>
  <testcase classname="com.tn.qa.testcases.SearchTest" name="verifySpecialCharacterSearchProduct" time="0.346"/>
  <testcase classname="com.tn.qa.testcases.SearchTest" name="verifyNumbersInSearchProduct" time="0.344"/>
  <testcase classname="com.tn.qa.testcases.SearchTest" name="SearchProductWithSpacesBetweenEachLetter" time="0.515"/>
  <testcase classname="com.tn.qa.testcases.SearchTest" name="SearchProductWithLeadingAndTrailingSpaces" time="0.486"/>
  <testcase classname="com.tn.qa.testcases.SearchTest" name="SearchProductWithPartialProductName" time="0.543"/>
  <testcase classname="com.tn.qa.testcases.SearchTest" name="SearchProductWithTwoSpaces" time="0.917"/>
  <testcase classname="com.tn.qa.testcases.LoginTest" name="verifyValidUsernameAndValidPassword" time="0.66"/>
  <testcase classname="com.tn.qa.testcases.LoginTest" name="verifyInvalidUsernameAndInvalidPassword" time="0.479">
    <failure type="java.lang.NullPointerException" message="Cannot invoke &amp;quot;java.lang.CharSequence.toString()&amp;quot; because &amp;quot;s&amp;quot; is null">
      <![CDATA[java.lang.NullPointerException: Cannot invoke "java.lang.CharSequence.toString()" because "s" is null
at java.base/java.lang.String.contains(String.java:2854)
at com.tn.qa.testcases.LoginTest.verifyInvalidUsernameAndInvalidPassword(LoginTest.java:64)
at java.base/java.util.ArrayList.forEach(ArrayList.java:1511)
... Removed 27 stack frames]]>
    </failure>
  </testcase> <!-- verifyInvalidUsernameAndInvalidPassword -->
  <testcase classname="com.tn.qa.testcases.LoginTest" name="verifyValidUsernameAndInvalidPassword" time="0.472"/>
  <testcase classname="com.tn.qa.testcases.LoginTest" name="verifyEmptyUsernameAndValidPassword" time="0.378"/>
  <testcase classname="com.tn.qa.testcases.LoginTest" name="verifyValidUsernameAndEmptyPassword" time="0.373"/>
  <testcase classname="com.tn.qa.testcases.LoginTest" name="verifyEmptyUsernameAndEmptyPassword" time="0.314"/>
  <testcase classname="com.tn.qa.testcases.LoginTest" name="verifyInvalidUsernameAndValidPassword" time="0.423"/>
  <testcase classname="com.tn.qa.testcases.RegisterAccountTest" name="verifyRegisterAccountWithAllValidFields" time="0.8">
    <failure type="java.lang.AssertionError" message="The following asserts failed:
	expected [null] but found [Your Account Has Been Created!]">
      <![CDATA[java.lang.AssertionError: The following asserts failed:
expected [null] but found [Your Account Has Been Created!]
at com.tn.qa.testcases.RegisterAccountTest.verifyRegisterAccountWithAllValidFields(RegisterAccountTest.java:61)
at java.base/java.util.ArrayList.forEach(ArrayList.java:1511)
... Removed 29 stack frames]]>
    </failure>
  </testcase> <!-- verifyRegisterAccountWithAllValidFields -->
  <testcase classname="com.tn.qa.testcases.RegisterAccountTest" name="verifyRegisterAccountWithAllEmptyFields" time="0.532">
    <failure type="java.lang.AssertionError" message="The following asserts failed:
	expected [null] but found [Your Account Has Been Created!]">
      <![CDATA[java.lang.AssertionError: The following asserts failed:
expected [null] but found [Your Account Has Been Created!]
at com.tn.qa.testcases.RegisterAccountTest.verifyRegisterAccountWithAllEmptyFields(RegisterAccountTest.java:90)
at java.base/java.util.ArrayList.forEach(ArrayList.java:1511)
... Removed 29 stack frames]]>
    </failure>
  </testcase> <!-- verifyRegisterAccountWithAllEmptyFields -->
  <testcase classname="com.tn.qa.testcases.RegisterAccountTest" name="verifyRegisterAccountWithEmptyFirstNameAndByEnteringAllValidFields" time="0.59">
    <failure type="java.lang.AssertionError" message="The following asserts failed:
	expected [null] but found [Your Account Has Been Created!]">
      <![CDATA[java.lang.AssertionError: The following asserts failed:
expected [null] but found [Your Account Has Been Created!]
at com.tn.qa.testcases.RegisterAccountTest.verifyRegisterAccountWithEmptyFirstNameAndByEnteringAllValidFields(RegisterAccountTest.java:108)
at java.base/java.util.ArrayList.forEach(ArrayList.java:1511)
... Removed 29 stack frames]]>
    </failure>
  </testcase> <!-- verifyRegisterAccountWithEmptyFirstNameAndByEnteringAllValidFields -->
  <testcase classname="com.tn.qa.testcases.RegisterAccountTest" name="verifyRegisterAccountWithEmptyLastnameAndByEnteringAllValidFields" time="0.588">
    <failure type="java.lang.AssertionError" message="The following asserts failed:
	expected [null] but found [Your Account Has Been Created!]">
      <![CDATA[java.lang.AssertionError: The following asserts failed:
expected [null] but found [Your Account Has Been Created!]
at com.tn.qa.testcases.RegisterAccountTest.verifyRegisterAccountWithEmptyLastnameAndByEnteringAllValidFields(RegisterAccountTest.java:126)
at java.base/java.util.ArrayList.forEach(ArrayList.java:1511)
... Removed 29 stack frames]]>
    </failure>
  </testcase> <!-- verifyRegisterAccountWithEmptyLastnameAndByEnteringAllValidFields -->
  <testcase classname="com.tn.qa.testcases.RegisterAccountTest" name="verifyRegisterAccountWithEmptyEmailAndByEnteringAllValidFields" time="0.62">
    <failure type="java.lang.AssertionError" message="The following asserts failed:
	expected [null] but found [Your Account Has Been Created!]">
      <![CDATA[java.lang.AssertionError: The following asserts failed:
expected [null] but found [Your Account Has Been Created!]
at com.tn.qa.testcases.RegisterAccountTest.verifyRegisterAccountWithEmptyEmailAndByEnteringAllValidFields(RegisterAccountTest.java:144)
at java.base/java.util.ArrayList.forEach(ArrayList.java:1511)
... Removed 29 stack frames]]>
    </failure>
  </testcase> <!-- verifyRegisterAccountWithEmptyEmailAndByEnteringAllValidFields -->
  <testcase classname="com.tn.qa.testcases.RegisterAccountTest" name="verifyRegisterAccountWithEmptyTelephoneAndByEnteringAllValidFields" time="0.698">
    <failure type="java.lang.AssertionError" message="The following asserts failed:
	expected [null] but found [Your Account Has Been Created!]">
      <![CDATA[java.lang.AssertionError: The following asserts failed:
expected [null] but found [Your Account Has Been Created!]
at com.tn.qa.testcases.RegisterAccountTest.verifyRegisterAccountWithEmptyTelephoneAndByEnteringAllValidFields(RegisterAccountTest.java:162)
at java.base/java.util.ArrayList.forEach(ArrayList.java:1511)
... Removed 29 stack frames]]>
    </failure>
  </testcase> <!-- verifyRegisterAccountWithEmptyTelephoneAndByEnteringAllValidFields -->
  <testcase classname="com.tn.qa.testcases.RegisterAccountTest" name="verifyRegisterAccountWithEmptyPasswordAndEmptyPasswordConfirmAndByEnteringAllValidFields" time="0.722">
    <failure type="java.lang.AssertionError" message="The following asserts failed:
	expected [null] but found [Your Account Has Been Created!]">
      <![CDATA[java.lang.AssertionError: The following asserts failed:
expected [null] but found [Your Account Has Been Created!]
at com.tn.qa.testcases.RegisterAccountTest.verifyRegisterAccountWithEmptyPasswordAndEmptyPasswordConfirmAndByEnteringAllValidFields(RegisterAccountTest.java:180)
at java.base/java.util.ArrayList.forEach(ArrayList.java:1511)
... Removed 29 stack frames]]>
    </failure>
  </testcase> <!-- verifyRegisterAccountWithEmptyPasswordAndEmptyPasswordConfirmAndByEnteringAllValidFields -->
  <testcase classname="com.tn.qa.testcases.RegisterAccountTest" name="verifyRegisterAccountWithEmptyPaswordConfirmAndByEnteringAllValidFields" time="0.586">
    <failure type="java.lang.AssertionError" message="The following asserts failed:
	expected [null] but found [Your Account Has Been Created!]">
      <![CDATA[java.lang.AssertionError: The following asserts failed:
expected [null] but found [Your Account Has Been Created!]
at com.tn.qa.testcases.RegisterAccountTest.verifyRegisterAccountWithEmptyPaswordConfirmAndByEnteringAllValidFields(RegisterAccountTest.java:198)
at java.base/java.util.ArrayList.forEach(ArrayList.java:1511)
... Removed 29 stack frames]]>
    </failure>
  </testcase> <!-- verifyRegisterAccountWithEmptyPaswordConfirmAndByEnteringAllValidFields -->
  <testcase classname="com.tn.qa.testcases.RegisterAccountTest" name="verifyRegisterAccountWithEmptyTeleponeAndEmptyEmailAndByEnteringAllValidFields" time="0.6">
    <failure type="java.lang.AssertionError" message="The following asserts failed:
	expected [null] but found [Your Account Has Been Created!]">
      <![CDATA[java.lang.AssertionError: The following asserts failed:
expected [null] but found [Your Account Has Been Created!]
at com.tn.qa.testcases.RegisterAccountTest.verifyRegisterAccountWithEmptyTeleponeAndEmptyEmailAndByEnteringAllValidFields(RegisterAccountTest.java:220)
at java.base/java.util.ArrayList.forEach(ArrayList.java:1511)
... Removed 29 stack frames]]>
    </failure>
  </testcase> <!-- verifyRegisterAccountWithEmptyTeleponeAndEmptyEmailAndByEnteringAllValidFields -->
  <testcase classname="com.tn.qa.testcases.RegisterAccountTest" name="verifyRegisterAccountWithValidEmailAndEmptyAllFields" time="0.626">
    <failure type="java.lang.AssertionError" message="The following asserts failed:
	expected [null] but found [Your Account Has Been Created!]">
      <![CDATA[java.lang.AssertionError: The following asserts failed:
expected [null] but found [Your Account Has Been Created!]
at com.tn.qa.testcases.RegisterAccountTest.verifyRegisterAccountWithValidEmailAndEmptyAllFields(RegisterAccountTest.java:250)
at java.base/java.util.ArrayList.forEach(ArrayList.java:1511)
... Removed 29 stack frames]]>
    </failure>
  </testcase> <!-- verifyRegisterAccountWithValidEmailAndEmptyAllFields -->
</testsuite> <!-- TutorialsNinja Testcases -->
